<?xml version="1.0" encoding="UTF-8"?>
<!-- Generated by org.testng.reporters.JUnitXMLReporter -->
<testsuite ignored="2" hostname="akanksha_s" failures="0" tests="3" name="Surefire test" time="0.023" errors="0" timestamp="16 Apr 2023 04:49:48 GMT">
  <testcase classname="testcases.CarLoanTest" name="test3" time="0.001"/>
  <testcase classname="testcases.HomeLoanTest" name="test2" time="0.0"/>
  <testcase classname="testcases.HomeLoanTest" name="test1" time="0.0"/>
  <testcase classname="testcases.BaseClass" name="@BeforeTest method3" time="0.0">
    <ignored/>
  </testcase> <!-- @BeforeTest method3 -->
  <testcase classname="testcases.BaseClass" name="@AfterTest method4" time="0.0">
    <ignored/>
  </testcase> <!-- @AfterTest method4 -->
</testsuite> <!-- Surefire test -->
