<?xml version="1.0" encoding="UTF-8"?>
<testng-results ignored="2" total="5" passed="3" failed="0" skipped="0">
  <reporter-output>
  </reporter-output>
  <suite started-at="2023-04-16T04:49:48Z" name="Surefire suite" finished-at="2023-04-16T04:49:48Z" duration-ms="23">
    <groups>
      <group name="sanity">
        <method signature="CarLoanTest.test3()[pri:0, instance:testcases.CarLoanTest@1cab0bfb]" name="test3" class="testcases.CarLoanTest"/>
      </group> <!-- sanity -->
    </groups>
    <test started-at="2023-04-16T04:49:48Z" name="Surefire test" finished-at="2023-04-16T04:49:48Z" duration-ms="23">
      <class name="testcases.CarLoanTest">
        <test-method is-config="true" signature="method3()[pri:0, instance:testcases.CarLoanTest@1cab0bfb]" started-at="2023-04-16T04:49:48Z" name="method3" finished-at="2023-04-16T04:49:48Z" duration-ms="8" status="PASS">
          <reporter-output>
          </reporter-output>
        </test-method> <!-- method3 -->
        <test-method signature="test3()[pri:0, instance:testcases.CarLoanTest@1cab0bfb]" started-at="2023-04-16T04:49:48Z" name="test3" finished-at="2023-04-16T04:49:48Z" duration-ms="1" status="PASS">
          <reporter-output>
          </reporter-output>
        </test-method> <!-- test3 -->
        <test-method is-config="true" signature="method1()[pri:0, instance:testcases.CarLoanTest@1cab0bfb]" started-at="2023-04-16T04:49:48Z" name="method1" finished-at="2023-04-16T04:49:48Z" duration-ms="0" status="PASS">
          <reporter-output>
          </reporter-output>
        </test-method> <!-- method1 -->
        <test-method is-config="true" signature="method2()[pri:0, instance:testcases.CarLoanTest@1cab0bfb]" started-at="2023-04-16T04:49:48Z" name="method2" finished-at="2023-04-16T04:49:48Z" duration-ms="0" status="PASS">
          <reporter-output>
          </reporter-output>
        </test-method> <!-- method2 -->
        <test-method is-config="true" signature="method4()[pri:0, instance:testcases.CarLoanTest@1cab0bfb]" started-at="2023-04-16T04:49:48Z" name="method4" finished-at="2023-04-16T04:49:48Z" duration-ms="1" status="PASS">
          <reporter-output>
          </reporter-output>
        </test-method> <!-- method4 -->
      </class> <!-- testcases.CarLoanTest -->
      <class name="testcases.HomeLoanTest">
        <test-method is-config="true" signature="method1()[pri:0, instance:testcases.HomeLoanTest@5e955596]" started-at="2023-04-16T04:49:48Z" name="method1" finished-at="2023-04-16T04:49:48Z" duration-ms="0" status="PASS">
          <reporter-output>
          </reporter-output>
        </test-method> <!-- method1 -->
        <test-method is-config="true" signature="method2()[pri:0, instance:testcases.HomeLoanTest@5e955596]" started-at="2023-04-16T04:49:48Z" name="method2" finished-at="2023-04-16T04:49:48Z" duration-ms="0" status="PASS">
          <reporter-output>
          </reporter-output>
        </test-method> <!-- method2 -->
        <test-method signature="test2()[pri:0, instance:testcases.HomeLoanTest@5e955596]" started-at="2023-04-16T04:49:48Z" name="test2" finished-at="2023-04-16T04:49:48Z" duration-ms="0" status="PASS">
          <reporter-output>
          </reporter-output>
        </test-method> <!-- test2 -->
        <test-method signature="test1()[pri:0, instance:testcases.HomeLoanTest@5e955596]" started-at="2023-04-16T04:49:48Z" name="test1" finished-at="2023-04-16T04:49:48Z" depends-on-methods="testcases.HomeLoanTest.test2" duration-ms="0" status="PASS">
          <reporter-output>
          </reporter-output>
        </test-method> <!-- test1 -->
        <test-method is-config="true" signature="method1()[pri:0, instance:testcases.HomeLoanTest@5e955596]" started-at="2023-04-16T04:49:48Z" name="method1" finished-at="2023-04-16T04:49:48Z" duration-ms="0" status="PASS">
          <reporter-output>
          </reporter-output>
        </test-method> <!-- method1 -->
        <test-method is-config="true" signature="method2()[pri:0, instance:testcases.HomeLoanTest@5e955596]" started-at="2023-04-16T04:49:48Z" name="method2" finished-at="2023-04-16T04:49:48Z" duration-ms="0" status="PASS">
          <reporter-output>
          </reporter-output>
        </test-method> <!-- method2 -->
      </class> <!-- testcases.HomeLoanTest -->
    </test> <!-- Surefire test -->
  </suite> <!-- Surefire suite -->
</testng-results>
