<?xml version="1.0" encoding="UTF-8"?>
<testng-results ignored="3" total="4" passed="1" failed="0" skipped="0">
  <reporter-output>
  </reporter-output>
  <suite started-at="2023-04-16T04:20:54Z" name="Suite" finished-at="2023-04-16T04:20:54Z" duration-ms="50">
    <groups>
      <group name="sanity">
        <method signature="CarLoanTest.test3()[pri:0, instance:testcases.CarLoanTest@f78a47e]" name="test3" class="testcases.CarLoanTest"/>
      </group> <!-- sanity -->
    </groups>
    <test started-at="2023-04-16T04:20:54Z" name="Test" finished-at="2023-04-16T04:20:54Z" duration-ms="50">
      <class name="testcases.CarLoanTest">
        <test-method signature="test3()[pri:0, instance:testcases.CarLoanTest@f78a47e]" started-at="2023-04-16T04:20:54Z" name="test3" finished-at="2023-04-16T04:20:54Z" duration-ms="9" status="PASS">
          <reporter-output>
          </reporter-output>
        </test-method> <!-- test3 -->
      </class> <!-- testcases.CarLoanTest -->
      <class name="testcases.HomeLoanTest">
        <test-method is-config="true" signature="method3()[pri:0, instance:testcases.HomeLoanTest@26d9b808]" started-at="2023-04-16T04:20:54Z" name="method3" finished-at="2023-04-16T04:20:54Z" duration-ms="12" status="PASS">
          <reporter-output>
          </reporter-output>
        </test-method> <!-- method3 -->
      </class> <!-- testcases.HomeLoanTest -->
    </test> <!-- Test -->
  </suite> <!-- Suite -->
</testng-results>
